Last log path: C:\TeklaStructuresModels\SOURAV MANNA\logs\DPMPrinter_soura.log
17-10-2025 09:41:46:LoadOptionsFromPath:Loading Settings from: C:\ProgramData\Trimble\Tekla Structures\2022.0\\environments\india\General\component_attribute_files\PdfPrintOptions.xml
17-10-2025 09:41:46:MoveNext:Loading data from: C:\ProgramData\Trimble\Tekla Structures\2022.0\\environments\common\system\PaperSizesForDrawings.dat
17-10-2025 09:41:46:Save:Saving Settings to: C:\TeklaStructuresModels\SOURAV23X\attributes\soura_PdfPrintOptions.xml
17-10-2025 23:46:28:LoadOptionsFromPath:Loading Settings from: C:\TeklaStructuresModels\SOURAV23X\attributes\soura_PdfPrintOptions.xml
17-10-2025 23:46:28:MoveNext:Loading data from: C:\ProgramData\Trimble\Tekla Structures\2022.0\\environments\common\system\PaperSizesForDrawings.dat
17-10-2025 23:49:03:LoadOptionsFromPath:Loading Settings from: C:\TeklaStructuresModels\SOURAV23X\attributes\soura_PdfPrintOptions.xml
17-10-2025 23:49:03:MoveNext:Loading data from: C:\ProgramData\Trimble\Tekla Structures\2022.0\\environments\common\system\PaperSizesForDrawings.dat
Last log path: C:\TeklaStructuresModels\SOURAV MANNA\logs\DPMPrinter_soura.log
17-10-2025 23:49:46:LoadOptionsFromPath:Loading Settings from: C:\TeklaStructuresModels\SOURAV23X\attributes\soura_PdfPrintOptions.xml
17-10-2025 23:49:46:MoveNext:Loading data from: C:\ProgramData\Trimble\Tekla Structures\2022.0\\environments\common\system\PaperSizesForDrawings.dat
17-10-2025 23:50:08:LoadOptionsFromPath:Loading Settings from: C:\TeklaStructuresModels\SOURAV23X\attributes\soura_PdfPrintOptions.xml
17-10-2025 23:50:08:MoveNext:Loading data from: C:\ProgramData\Trimble\Tekla Structures\2022.0\\environments\common\system\PaperSizesForDrawings.dat
18-10-2025 00:17:39:Save:Saving Settings to: C:\TeklaStructuresModels\SOURAV23X\attributes\soura_PdfPrintOptions.xml
18-10-2025 00:17:42:Save:Saving Settings to: C:\TeklaStructuresModels\SOURAV23X\attributes\soura_PdfPrintOptions.xml
18-10-2025 00:17:44:Save:Saving Settings to: C:\TeklaStructuresModels\SOURAV23X\attributes\soura_PdfPrintOptions.xml
18-10-2025 00:18:11:Save:Saving Settings to: C:\TeklaStructuresModels\SOURAV23X\attributes\soura_PdfPrintOptions.xml
18-10-2025 10:45:09:LoadOptionsFromPath:Loading Settings from: C:\TeklaStructuresModels\SOURAV23X\attributes\soura_PdfPrintOptions.xml
18-10-2025 10:45:09:MoveNext:Loading data from: C:\ProgramData\Trimble\Tekla Structures\2022.0\\environments\common\system\PaperSizesForDrawings.dat
18-10-2025 12:54:17:Save:Saving Settings to: C:\TeklaStructuresModels\SOURAV23X\attributes\soura_PdfPrintOptions.xml
18-10-2025 12:54:22:Save:Saving Settings to: C:\TeklaStructuresModels\SOURAV23X\attributes\soura_PdfPrintOptions.xml
18-10-2025 22:53:17:LoadOptionsFromPath:Loading Settings from: C:\TeklaStructuresModels\SOURAV23X\attributes\soura_PdfPrintOptions.xml
18-10-2025 22:53:17:MoveNext:Loading data from: C:\ProgramData\Trimble\Tekla Structures\2022.0\\environments\common\system\PaperSizesForDrawings.dat
18-10-2025 23:50:11:Save:Saving Settings to: C:\TeklaStructuresModels\SOURAV23X\attributes\soura_PdfPrintOptions.xml
19-10-2025 09:06:46:LoadOptionsFromPath:Loading Settings from: C:\TeklaStructuresModels\SOURAV23X\attributes\soura_PdfPrintOptions.xml
19-10-2025 09:06:46:MoveNext:Loading data from: C:\ProgramData\Trimble\Tekla Structures\2022.0\\environments\common\system\PaperSizesForDrawings.dat
19-10-2025 09:10:37:Save:Saving Settings to: C:\TeklaStructuresModels\SOURAV23X\attributes\soura_PdfPrintOptions.xml
19-10-2025 09:35:28:LoadOptionsFromPath:Loading Settings from: C:\TeklaStructuresModels\SOURAV23X\attributes\soura_PdfPrintOptions.xml
19-10-2025 09:35:28:MoveNext:Loading data from: C:\ProgramData\Trimble\Tekla Structures\2022.0\\environments\common\system\PaperSizesForDrawings.dat
19-10-2025 10:03:54:Save:Saving Settings to: C:\TeklaStructuresModels\SOURAV23X\attributes\soura_PdfPrintOptions.xml
19-10-2025 10:04:18:LoadOptionsFromPath:Loading Settings from: C:\TeklaStructuresModels\SOURAV23X\attributes\soura_PdfPrintOptions.xml
19-10-2025 10:04:18:MoveNext:Loading data from: C:\ProgramData\Trimble\Tekla Structures\2022.0\\environments\common\system\PaperSizesForDrawings.dat
20-10-2025 00:23:10:LoadOptionsFromPath:Loading Settings from: C:\TeklaStructuresModels\SOURAV23X\attributes\soura_PdfPrintOptions.xml
20-10-2025 00:23:10:MoveNext:Loading data from: C:\ProgramData\Trimble\Tekla Structures\2022.0\\environments\common\system\PaperSizesForDrawings.dat
20-10-2025 00:25:42:Save:Saving Settings to: C:\TeklaStructuresModels\SOURAV23X\attributes\soura_PdfPrintOptions.xml
20-10-2025 09:49:31:LoadOptionsFromPath:Loading Settings from: C:\TeklaStructuresModels\SOURAV23X\attributes\soura_PdfPrintOptions.xml
20-10-2025 09:49:31:MoveNext:Loading data from: C:\ProgramData\Trimble\Tekla Structures\2022.0\\environments\common\system\PaperSizesForDrawings.dat
Last log path: C:\TeklaStructuresModels\SOURAV MANNA\logs\DPMPrinter_soura.log
22-10-2025 09:08:21:LoadOptionsFromPath:Loading Settings from: C:\TeklaStructuresModels\SOURAV23X\attributes\soura_PdfPrintOptions.xml
22-10-2025 09:08:21:MoveNext:Loading data from: C:\ProgramData\Trimble\Tekla Structures\2022.0\\environments\common\system\PaperSizesForDrawings.dat
24-10-2025 12:30:38:LoadOptionsFromPath:Loading Settings from: C:\TeklaStructuresModels\SOURAV23X\attributes\soura_PdfPrintOptions.xml
24-10-2025 12:30:38:MoveNext:Loading data from: C:\ProgramData\Trimble\Tekla Structures\2022.0\\environments\common\system\PaperSizesForDrawings.dat
25-10-2025 23:51:38:LoadOptionsFromPath:Loading Settings from: C:\TeklaStructuresModels\SOURAV23X\attributes\soura_PdfPrintOptions.xml
25-10-2025 23:51:38:MoveNext:Loading data from: C:\ProgramData\Trimble\Tekla Structures\2022.0\\environments\common\system\PaperSizesForDrawings.dat
26-10-2025 01:00:03:Save:Saving Settings to: C:\TeklaStructuresModels\SOURAV23X\attributes\soura_PdfPrintOptions.xml
26-10-2025 10:24:26:LoadOptionsFromPath:Loading Settings from: C:\TeklaStructuresModels\SOURAV23X\attributes\soura_PdfPrintOptions.xml
26-10-2025 10:24:26:MoveNext:Loading data from: C:\ProgramData\Trimble\Tekla Structures\2022.0\\environments\common\system\PaperSizesForDrawings.dat
26-10-2025 12:12:25:Save:Saving Settings to: C:\TeklaStructuresModels\SOURAV23X\attributes\soura_PdfPrintOptions.xml
26-10-2025 17:31:41:LoadOptionsFromPath:Loading Settings from: C:\TeklaStructuresModels\SOURAV23X\attributes\soura_PdfPrintOptions.xml
26-10-2025 17:31:41:MoveNext:Loading data from: C:\ProgramData\Trimble\Tekla Structures\2022.0\\environments\common\system\PaperSizesForDrawings.dat
26-10-2025 17:40:21:Save:Saving Settings to: C:\TeklaStructuresModels\SOURAV23X\attributes\soura_PdfPrintOptions.xml
26-10-2025 20:16:01:LoadOptionsFromPath:Loading Settings from: C:\TeklaStructuresModels\SOURAV23X\attributes\soura_PdfPrintOptions.xml
26-10-2025 20:16:01:MoveNext:Loading data from: C:\ProgramData\Trimble\Tekla Structures\2022.0\\environments\common\system\PaperSizesForDrawings.dat
26-10-2025 20:17:49:Save:Saving Settings to: C:\TeklaStructuresModels\SOURAV23X\attributes\soura_PdfPrintOptions.xml
26-10-2025 22:27:15:LoadOptionsFromPath:Loading Settings from: C:\TeklaStructuresModels\SOURAV23X\attributes\soura_PdfPrintOptions.xml
26-10-2025 22:27:15:MoveNext:Loading data from: C:\ProgramData\Trimble\Tekla Structures\2022.0\\environments\common\system\PaperSizesForDrawings.dat
Last log path: C:\TeklaStructuresModels ALL\sourav\logs\DPMPrinter_soura.log
27-10-2025 19:09:11:LoadOptionsFromPath:Loading Settings from: C:\TeklaStructuresModels\SOURAV23X\attributes\soura_PdfPrintOptions.xml
27-10-2025 19:09:11:MoveNext:Loading data from: C:\ProgramData\Trimble\Tekla Structures\2022.0\\environments\common\system\PaperSizesForDrawings.dat
27-10-2025 19:27:53:LoadOptionsFromPath:Loading Settings from: C:\TeklaStructuresModels\SOURAV23X\attributes\soura_PdfPrintOptions.xml
27-10-2025 19:27:53:MoveNext:Loading data from: C:\ProgramData\Trimble\Tekla Structures\2022.0\\environments\common\system\PaperSizesForDrawings.dat
Last log path: C:\TeklaStructuresModels\SOURAV MANNA\logs\DPMPrinter_soura.log
29-10-2025 00:03:23:LoadOptionsFromPath:Loading Settings from: C:\TeklaStructuresModels\SOURAV23X\attributes\soura_PdfPrintOptions.xml
29-10-2025 00:03:23:MoveNext:Loading data from: C:\ProgramData\Trimble\Tekla Structures\2022.0\\environments\common\system\PaperSizesForDrawings.dat
29-10-2025 01:03:01:Save:Saving Settings to: C:\TeklaStructuresModels\SOURAV23X\attributes\soura_PdfPrintOptions.xml
29-10-2025 10:48:16:LoadOptionsFromPath:Loading Settings from: C:\TeklaStructuresModels\SOURAV23X\attributes\soura_PdfPrintOptions.xml
29-10-2025 10:48:16:MoveNext:Loading data from: C:\ProgramData\Trimble\Tekla Structures\2022.0\\environments\common\system\PaperSizesForDrawings.dat
29-10-2025 11:58:11:Save:Saving Settings to: C:\TeklaStructuresModels\SOURAV23X\attributes\soura_PdfPrintOptions.xml
29-10-2025 23:00:04:LoadOptionsFromPath:Loading Settings from: C:\TeklaStructuresModels\SOURAV23X\attributes\soura_PdfPrintOptions.xml
29-10-2025 23:00:04:MoveNext:Loading data from: C:\ProgramData\Trimble\Tekla Structures\2022.0\\environments\common\system\PaperSizesForDrawings.dat
30-10-2025 00:00:57:Save:Saving Settings to: C:\TeklaStructuresModels\SOURAV23X\attributes\soura_PdfPrintOptions.xml
30-10-2025 12:01:30:LoadOptionsFromPath:Loading Settings from: C:\TeklaStructuresModels\SOURAV23X\attributes\soura_PdfPrintOptions.xml
30-10-2025 12:01:30:MoveNext:Loading data from: C:\ProgramData\Trimble\Tekla Structures\2022.0\\environments\common\system\PaperSizesForDrawings.dat
30-10-2025 12:24:07:Save:Saving Settings to: C:\TeklaStructuresModels\SOURAV23X\attributes\soura_PdfPrintOptions.xml
30-10-2025 13:01:14:Save:Saving Settings to: C:\TeklaStructuresModels\SOURAV23X\attributes\soura_PdfPrintOptions.xml
30-10-2025 13:01:18:Save:Saving Settings to: C:\TeklaStructuresModels\SOURAV23X\attributes\soura_PdfPrintOptions.xml
30-10-2025 23:52:35:LoadOptionsFromPath:Loading Settings from: C:\TeklaStructuresModels\SOURAV23X\attributes\soura_PdfPrintOptions.xml
30-10-2025 23:52:35:MoveNext:Loading data from: C:\ProgramData\Trimble\Tekla Structures\2022.0\\environments\common\system\PaperSizesForDrawings.dat
31-10-2025 00:18:08:Save:Saving Settings to: C:\TeklaStructuresModels\SOURAV23X\attributes\soura_PdfPrintOptions.xml
31-10-2025 00:18:44:LoadOptionsFromPath:Loading Settings from: C:\TeklaStructuresModels\SOURAV23X\attributes\soura_PdfPrintOptions.xml
31-10-2025 00:18:44:MoveNext:Loading data from: C:\ProgramData\Trimble\Tekla Structures\2022.0\\environments\common\system\PaperSizesForDrawings.dat
31-10-2025 00:18:55:Save:Saving Settings to: C:\TeklaStructuresModels\SOURAV23X\attributes\soura_PdfPrintOptions.xml
Last log path: C:\TeklaStructuresModels ALL\sourav\logs\DPMPrinter_soura.log
31-10-2025 00:49:47:LoadOptionsFromPath:Loading Settings from: C:\TeklaStructuresModels\SOURAV23X\attributes\soura_PdfPrintOptions.xml
31-10-2025 00:49:47:MoveNext:Loading data from: C:\ProgramData\Trimble\Tekla Structures\2022.0\\environments\common\system\PaperSizesForDrawings.dat
31-10-2025 01:28:35:Save:Saving Settings to: C:\TeklaStructuresModels\SOURAV23X\attributes\soura_PdfPrintOptions.xml
31-10-2025 01:46:37:LoadOptionsFromPath:Loading Settings from: C:\TeklaStructuresModels\SOURAV23X\attributes\soura_PdfPrintOptions.xml
31-10-2025 01:46:37:MoveNext:Loading data from: C:\ProgramData\Trimble\Tekla Structures\2022.0\\environments\common\system\PaperSizesForDrawings.dat
31-10-2025 02:00:27:Save:Saving Settings to: C:\TeklaStructuresModels\SOURAV23X\attributes\soura_PdfPrintOptions.xml
31-10-2025 11:14:08:LoadOptionsFromPath:Loading Settings from: C:\TeklaStructuresModels\SOURAV23X\attributes\soura_PdfPrintOptions.xml
31-10-2025 11:14:08:MoveNext:Loading data from: C:\ProgramData\Trimble\Tekla Structures\2022.0\\environments\common\system\PaperSizesForDrawings.dat
31-10-2025 11:24:00:Save:Saving Settings to: C:\TeklaStructuresModels\SOURAV23X\attributes\soura_PdfPrintOptions.xml
31-10-2025 23:02:24:LoadOptionsFromPath:Loading Settings from: C:\TeklaStructuresModels\SOURAV23X\attributes\soura_PdfPrintOptions.xml
31-10-2025 23:02:24:MoveNext:Loading data from: C:\ProgramData\Trimble\Tekla Structures\2022.0\\environments\common\system\PaperSizesForDrawings.dat
31-10-2025 23:36:08:Save:Saving Settings to: C:\TeklaStructuresModels\SOURAV23X\attributes\soura_PdfPrintOptions.xml
01-11-2025 11:55:33:LoadOptionsFromPath:Loading Settings from: C:\TeklaStructuresModels\SOURAV23X\attributes\soura_PdfPrintOptions.xml
01-11-2025 11:55:33:MoveNext:Loading data from: C:\ProgramData\Trimble\Tekla Structures\2022.0\\environments\common\system\PaperSizesForDrawings.dat
01-11-2025 13:32:43:Save:Saving Settings to: C:\TeklaStructuresModels\SOURAV23X\attributes\soura_PdfPrintOptions.xml
01-11-2025 23:11:26:LoadOptionsFromPath:Loading Settings from: C:\TeklaStructuresModels\SOURAV23X\attributes\soura_PdfPrintOptions.xml
01-11-2025 23:11:27:MoveNext:Loading data from: C:\ProgramData\Trimble\Tekla Structures\2022.0\\environments\common\system\PaperSizesForDrawings.dat
01-11-2025 23:52:23:Save:Saving Settings to: C:\TeklaStructuresModels\SOURAV23X\attributes\soura_PdfPrintOptions.xml
02-11-2025 01:30:10:LoadOptionsFromPath:Loading Settings from: C:\TeklaStructuresModels\SOURAV23X\attributes\soura_PdfPrintOptions.xml
02-11-2025 01:30:10:MoveNext:Loading data from: C:\ProgramData\Trimble\Tekla Structures\2022.0\\environments\common\system\PaperSizesForDrawings.dat
